<?xml version="1.0" encoding="UTF-8"?>
<testsuite xmlns:xsi="http://www.w3.org/2001/XMLSchema-instance" xsi:noNamespaceSchemaLocation="https://maven.apache.org/surefire/maven-surefire-plugin/xsd/surefire-test-report-3.0.xsd" version="3.0" name="com.example.RunCucumberTest" time="0.58" tests="5" errors="0" skipped="0" failures="0">
  <properties>
[...]
</properties>
  <testcase name="Perform a calculation #1" classname="Calculator" time="0.092">
    <system-out><![CDATA[
Scenario Outline: Perform a calculation           &amp#27;[90m# com/example/calculator.feature:13&amp#27;[0m
  &amp#27;[32mGiven &amp#27;[0m&amp#27;[32mI have a calculator&amp#27;[0m                       &amp#27;[90m# com.example.CalculatorStepdefs.i_have_a_calculator()&amp#27;[0m
  &amp#27;[32mWhen &amp#27;[0m&amp#27;[32mI enter &amp#27;[0m&amp#27;[32m&amp#27;[1m10.0&amp#27;[0m&amp#27;[32m and &amp#27;[0m&amp#27;[32m&amp#27;[1m5.0&amp#27;[0m&amp#27;[32m with the operator &amp#27;[0m&amp#27;[32m&amp#27;[1m"+"&amp#27;[0m &amp#27;[90m# com.example.CalculatorStepdefs.i_enter_and_with_the_operator(java.lang.Double,java.lang.Double,java.lang.String)&amp#27;[0m
  &amp#27;[32mThen &amp#27;[0m&amp#27;[32mthe result should be &amp#27;[0m&amp#27;[32m&amp#27;[1m15.0&amp#27;[0m                  &amp#27;[90m# com.example.CalculatorStepdefs.the_result_should_be(java.lang.Double)&amp#27;[0m
]]></system-out>
  </testcase>
  <testcase name="Perform a calculation #2" classname="Calculator" time="0.001">
    <system-out><![CDATA[
Scenario Outline: Perform a calculation           &amp#27;[90m# com/example/calculator.feature:14&amp#27;[0m
  &amp#27;[32mGiven &amp#27;[0m&amp#27;[32mI have a calculator&amp#27;[0m                       &amp#27;[90m# com.example.CalculatorStepdefs.i_have_a_calculator()&amp#27;[0m
  &amp#27;[32mWhen &amp#27;[0m&amp#27;[32mI enter &amp#27;[0m&amp#27;[32m&amp#27;[1m20.0&amp#27;[0m&amp#27;[32m and &amp#27;[0m&amp#27;[32m&amp#27;[1m8.0&amp#27;[0m&amp#27;[32m with the operator &amp#27;[0m&amp#27;[32m&amp#27;[1m"-"&amp#27;[0m &amp#27;[90m# com.example.CalculatorStepdefs.i_enter_and_with_the_operator(java.lang.Double,java.lang.Double,java.lang.String)&amp#27;[0m
  &amp#27;[32mThen &amp#27;[0m&amp#27;[32mthe result should be &amp#27;[0m&amp#27;[32m&amp#27;[1m12.0&amp#27;[0m                  &amp#27;[90m# com.example.CalculatorStepdefs.the_result_should_be(java.lang.Double)&amp#27;[0m
]]></system-out>
  </testcase>
  <testcase name="Perform a calculation #3" classname="Calculator" time="0.007">
    <system-out><![CDATA[
Scenario Outline: Perform a calculation          &amp#27;[90m# com/example/calculator.feature:15&amp#27;[0m
  &amp#27;[32mGiven &amp#27;[0m&amp#27;[32mI have a calculator&amp#27;[0m                      &amp#27;[90m# com.example.CalculatorStepdefs.i_have_a_calculator()&amp#27;[0m
  &amp#27;[32mWhen &amp#27;[0m&amp#27;[32mI enter &amp#27;[0m&amp#27;[32m&amp#27;[1m7.0&amp#27;[0m&amp#27;[32m and &amp#27;[0m&amp#27;[32m&amp#27;[1m6.0&amp#27;[0m&amp#27;[32m with the operator &amp#27;[0m&amp#27;[32m&amp#27;[1m"*"&amp#27;[0m &amp#27;[90m# com.example.CalculatorStepdefs.i_enter_and_with_the_operator(java.lang.Double,java.lang.Double,java.lang.String)&amp#27;[0m
  &amp#27;[32mThen &amp#27;[0m&amp#27;[32mthe result should be &amp#27;[0m&amp#27;[32m&amp#27;[1m42.0&amp#27;[0m                 &amp#27;[90m# com.example.CalculatorStepdefs.the_result_should_be(java.lang.Double)&amp#27;[0m
]]></system-out>
  </testcase>
  <testcase name="Perform a calculation #4" classname="Calculator" time="0.003">
    <system-out><![CDATA[
Scenario Outline: Perform a calculation             &amp#27;[90m# com/example/calculator.feature:16&amp#27;[0m
  &amp#27;[32mGiven &amp#27;[0m&amp#27;[32mI have a calculator&amp#27;[0m                         &amp#27;[90m# com.example.CalculatorStepdefs.i_have_a_calculator()&amp#27;[0m
  &amp#27;[32mWhen &amp#27;[0m&amp#27;[32mI enter &amp#27;[0m&amp#27;[32m&amp#27;[1m100.0&amp#27;[0m&amp#27;[32m and &amp#27;[0m&amp#27;[32m&amp#27;[1m10.0&amp#27;[0m&amp#27;[32m with the operator &amp#27;[0m&amp#27;[32m&amp#27;[1m"/"&amp#27;[0m &amp#27;[90m# com.example.CalculatorStepdefs.i_enter_and_with_the_operator(java.lang.Double,java.lang.Double,java.lang.String)&amp#27;[0m
  &amp#27;[32mThen &amp#27;[0m&amp#27;[32mthe result should be &amp#27;[0m&amp#27;[32m&amp#27;[1m10.0&amp#27;[0m                    &amp#27;[90m# com.example.CalculatorStepdefs.the_result_should_be(java.lang.Double)&amp#27;[0m
]]></system-out>
  </testcase>
  <testcase name="Division by zero" classname="Calculator" time="0.01">
    <system-out><![CDATA[
Scenario: Division by zero                     &amp#27;[90m# com/example/calculator.feature:18&amp#27;[0m
  &amp#27;[32mGiven &amp#27;[0m&amp#27;[32mI have a calculator&amp#27;[0m                    &amp#27;[90m# com.example.CalculatorStepdefs.i_have_a_calculator()&amp#27;[0m
  &amp#27;[32mWhen &amp#27;[0m&amp#27;[32mI try to divide &amp#27;[0m&amp#27;[32m&amp#27;[1m10.0&amp#27;[0m&amp#27;[32m by &amp#27;[0m&amp#27;[32m&amp#27;[1m0.0&amp#27;[0m             &amp#27;[90m# com.example.CalculatorStepdefs.i_try_to_divide_by(java.lang.Double,java.lang.Double)&amp#27;[0m
  &amp#27;[32mThen &amp#27;[0m&amp#27;[32mthe operation should throw an exception&amp#27;[0m &amp#27;[90m# com.example.CalculatorStepdefs.the_operation_should_throw_an_exception()&amp#27;[0m
]]></system-out>
  </testcase>
</testsuite>